2025-04-02 19:35:25.917 [info] Telemetry level is off
2025-04-02 19:35:25.917 [info] Experiments are disabled, only manually opted experiments are active.
2025-04-02 19:35:25.917 [warning] Dir "/home/michal/doc/dev/musicserver/pybackend/.pixi/envs" is not watchable (directory does not exist)
2025-04-02 19:35:25.917 [info] Starting Environment refresh
2025-04-02 19:35:25.917 [info] Searching for interpreters in posix paths locator
2025-04-02 19:35:25.917 [info] Searching for pyenv environments
2025-04-02 19:35:25.917 [info] Searching for conda environments
2025-04-02 19:35:25.917 [info] Searching for global virtual environments
2025-04-02 19:35:25.917 [info] Searching for custom virtual environments
2025-04-02 19:35:25.917 [info] pyenv is not installed
2025-04-02 19:35:25.917 [info] Finished searching for pyenv environments: 62 milliseconds
2025-04-02 19:35:25.917 [info] Finished searching for custom virtual envs: 60 milliseconds
2025-04-02 19:35:25.917 [info] > conda info --json
2025-04-02 19:35:25.917 [info] > hatch env show --json
2025-04-02 19:35:25.917 [info] cwd: .
2025-04-02 19:35:25.917 [info] > pyenv which python
2025-04-02 19:35:25.917 [info] cwd: .
2025-04-02 19:35:25.917 [info] Finished searching for global virtual envs: 105 milliseconds
2025-04-02 19:35:26.239 [info] Found: /bin/python --> /bin/python3.13
2025-04-02 19:35:26.384 [info] Found: /bin/python3 --> /bin/python3.13
2025-04-02 19:35:26.387 [info] Found: /bin/python3.13 --> /bin/python3.13
2025-04-02 19:35:26.756 [info] Found: /sbin/python --> /sbin/python3.13
2025-04-02 19:35:26.801 [info] Found: /sbin/python3 --> /sbin/python3.13
2025-04-02 19:35:26.802 [info] Found: /sbin/python3.13 --> /sbin/python3.13
2025-04-02 19:35:26.846 [info] Found: /usr/bin/python --> /usr/bin/python3.13
2025-04-02 19:35:26.865 [info] > ./.venv/bin/python -I ~/.vscode-oss/extensions/ms-python.python-2025.2.0-universal/python_files/get_output_via_markers.py ~/.vscode-oss/extensions/ms-python.python-2025.2.0-universal/python_files/interpreterInfo.py
2025-04-02 19:35:26.873 [info] Found: /usr/bin/python3 --> /usr/bin/python3.13
2025-04-02 19:35:26.873 [info] Found: /usr/bin/python3.13 --> /usr/bin/python3.13
2025-04-02 19:35:26.927 [info] Found: /usr/sbin/python --> /usr/sbin/python3.13
2025-04-02 19:35:26.928 [info] Found: /usr/sbin/python3 --> /usr/sbin/python3.13
2025-04-02 19:35:26.928 [info] Found: /usr/sbin/python3.13 --> /usr/sbin/python3.13
2025-04-02 19:35:26.958 [info] > /bin/python -I ~/.vscode-oss/extensions/ms-python.python-2025.2.0-universal/python_files/get_output_via_markers.py ~/.vscode-oss/extensions/ms-python.python-2025.2.0-universal/python_files/interpreterInfo.py
2025-04-02 19:35:26.996 [info] > /sbin/python -I ~/.vscode-oss/extensions/ms-python.python-2025.2.0-universal/python_files/get_output_via_markers.py ~/.vscode-oss/extensions/ms-python.python-2025.2.0-universal/python_files/interpreterInfo.py
2025-04-02 19:35:27.002 [info] Finished searching for interpreters in posix paths locator: 1254 milliseconds
2025-04-02 19:35:27.013 [info] Environments refresh paths discovered (event): 1267 milliseconds
2025-04-02 19:35:27.013 [info] Environments refresh paths discovered: 1267 milliseconds
2025-04-02 19:35:27.086 [info] > /usr/bin/python -I ~/.vscode-oss/extensions/ms-python.python-2025.2.0-universal/python_files/get_output_via_markers.py ~/.vscode-oss/extensions/ms-python.python-2025.2.0-universal/python_files/interpreterInfo.py
2025-04-02 19:35:27.128 [info] > /usr/sbin/python -I ~/.vscode-oss/extensions/ms-python.python-2025.2.0-universal/python_files/get_output_via_markers.py ~/.vscode-oss/extensions/ms-python.python-2025.2.0-universal/python_files/interpreterInfo.py
2025-04-02 19:35:27.253 [info] Environments refresh finished (event): 1506 milliseconds
2025-04-02 19:35:27.273 [info] Environment refresh took 1525 milliseconds
2025-04-02 19:35:27.294 [info] Python interpreter path: ./.venv/bin/python
2025-04-02 19:35:29.070 [info] Starting Jedi language server for pybackend.
2025-04-02 19:35:39.079 [info] Send text to terminal: source /home/michal/doc/dev/musicserver/pybackend/.venv/bin/activate
