2025-04-09 13:55:07.155 [info] Started local extension host with pid 7757.
2025-04-09 13:55:09.856 [info] [perf] Render performance baseline is 24ms
2025-04-09 13:55:41.700 [error] [Extension Host] which: no jsonnet in (/usr/local/bin:/usr/bin:/home/michal/.local/bin)
2025-04-09 13:55:48.626 [error] [Extension Host] Error: Unexpected SIGPIPE
	at process.<anonymous> (file:///opt/vscodium-bin/resources/app/out/bootstrap-fork.js:3:11860)
	at process.emit (node:events:518:28)
2025-04-09 13:56:19.425 [warning] Settings pattern "issueReporter.*" doesn't match any settings
2025-04-09 13:56:19.921 [error] Method not found: toJSON: CodeExpectedError: Method not found: toJSON
    at Object.call (file:///opt/vscodium-bin/resources/app/out/main.js:33:5472)
    at vf.onPromise (file:///opt/vscodium-bin/resources/app/out/main.js:31:20990)
    at vf.onRawMessage (file:///opt/vscodium-bin/resources/app/out/main.js:31:20405)
    at zo.value (file:///opt/vscodium-bin/resources/app/out/main.js:31:19688)
    at I._deliver (file:///opt/vscodium-bin/resources/app/out/main.js:30:2937)
    at I._deliverQueue (file:///opt/vscodium-bin/resources/app/out/main.js:30:3028)
    at I.fire (file:///opt/vscodium-bin/resources/app/out/main.js:30:3364)
    at zo.value (file:///opt/vscodium-bin/resources/app/out/main.js:28:5514)
    at I._deliver (file:///opt/vscodium-bin/resources/app/out/main.js:30:2937)
    at I.fire (file:///opt/vscodium-bin/resources/app/out/main.js:30:3257)
    at zo.value (file:///opt/vscodium-bin/resources/app/out/main.js:28:5698)
    at I._deliver (file:///opt/vscodium-bin/resources/app/out/main.js:30:2937)
    at I.fire (file:///opt/vscodium-bin/resources/app/out/main.js:30:3257)
    at B (file:///opt/vscodium-bin/resources/app/out/main.js:28:7977)
    at IpcMainImpl.i (file:///opt/vscodium-bin/resources/app/out/main.js:33:26061)
    at IpcMainImpl.emit (node:events:518:28)
    at WebContents.<anonymous> (node:electron/js2c/browser_init:2:87043)
    at WebContents.emit (node:events:518:28)
2025-04-09 13:57:29.436 [warning] Settings pattern "issueReporter.*" doesn't match any settings
2025-04-09 13:57:50.518 [warning] Settings pattern "issueReporter.*" doesn't match any settings
2025-04-09 13:58:32.440 [warning] [backup tracker] suspended, ignoring dirty change event file:///home/michal/dl/standard.sh 
