2025-04-02 19:35:13.285 [info] [main] Log level: Info
2025-04-02 19:35:13.285 [info] [main] Validating found git in: "git"
2025-04-02 19:35:13.285 [info] [main] Using git "2.49.0" from "git"
2025-04-02 19:35:13.285 [info] [Model][doInitialScan] Initial repository scan started
2025-04-02 19:35:13.285 [info] [Model][doInitialScan] Initial repository scan completed - repositories (0), closed repositories (0), parent repositories (0), unsafe repositories (0)
2025-04-02 19:35:25.878 [info] [main] Log level: Info
2025-04-02 19:35:25.878 [info] [main] Validating found git in: "git"
2025-04-02 19:35:25.878 [info] [main] Using git "2.49.0" from "git"
2025-04-02 19:35:25.878 [info] [Model][doInitialScan] Initial repository scan started
2025-04-02 19:35:25.878 [info] > git rev-parse --show-toplevel [33ms]
2025-04-02 19:35:25.893 [info] > git rev-parse --git-dir --git-common-dir [7ms]
2025-04-02 19:35:25.913 [info] [Model][openRepository] Opened repository: /home/michal/doc/dev/musicserver/pybackend
2025-04-02 19:35:25.947 [info] > git rev-parse --show-toplevel [12ms]
2025-04-02 19:35:25.949 [info] > git config --get commit.template [22ms]
2025-04-02 19:35:26.350 [info] [Git][getRemotes] No remotes found in the git config file
2025-04-02 19:35:26.351 [info] > git rev-parse --show-toplevel [103ms]
2025-04-02 19:35:26.352 [info] [Model][doInitialScan] Initial repository scan completed - repositories (1), closed repositories (0), parent repositories (0), unsafe repositories (0)
2025-04-02 19:35:26.365 [info] > git for-each-ref --format=%(refname)%00%(upstream:short)%00%(objectname)%00%(upstream:track)%00%(upstream:remotename)%00%(upstream:remoteref) refs/heads/master refs/remotes/master [16ms]
2025-04-02 19:35:26.365 [warning] [Git][getBranch] No such branch: master
2025-04-02 19:35:26.386 [info] > git status -z -uall [11ms]
2025-04-02 19:35:26.389 [info] > git for-each-ref --sort -committerdate --format %(refname) %(objectname) %(*objectname) [5ms]
2025-04-02 19:35:26.431 [info] > git for-each-ref --format=%(refname)%00%(upstream:short)%00%(objectname)%00%(upstream:track)%00%(upstream:remotename)%00%(upstream:remoteref) refs/heads/master refs/remotes/master [21ms]
2025-04-02 19:35:26.431 [warning] [Git][getBranch] No such branch: master
2025-04-02 19:35:26.432 [error] [GitHistoryProvider][resolveHEADMergeBase] Failed to resolve merge base for master: Error: No such branch: master.
2025-04-02 19:35:26.449 [info] > git config --get commit.template [22ms]
2025-04-02 19:35:26.684 [info] [Git][getRemotes] No remotes found in the git config file
2025-04-02 19:35:26.689 [info] > git for-each-ref --format=%(refname)%00%(upstream:short)%00%(objectname)%00%(upstream:track)%00%(upstream:remotename)%00%(upstream:remoteref) refs/heads/master refs/remotes/master [6ms]
2025-04-02 19:35:26.689 [warning] [Git][getBranch] No such branch: master
2025-04-02 19:35:26.706 [info] > git status -z -uall [10ms]
2025-04-02 19:35:26.708 [info] > git for-each-ref --sort -committerdate --format %(refname) %(objectname) %(*objectname) [4ms]
2025-04-02 19:35:26.799 [info] > git check-ignore -v -z --stdin [31ms]
2025-04-02 19:35:30.144 [info] [Git][getRemotes] No remotes found in the git config file
2025-04-02 19:35:30.147 [info] > git config --get commit.template [22ms]
2025-04-02 19:35:30.148 [info] > git for-each-ref --format=%(refname)%00%(upstream:short)%00%(objectname)%00%(upstream:track)%00%(upstream:remotename)%00%(upstream:remoteref) refs/heads/master refs/remotes/master [4ms]
2025-04-02 19:35:30.149 [warning] [Git][getBranch] No such branch: master
2025-04-02 19:35:30.213 [info] > git status -z -uall [42ms]
2025-04-02 19:35:30.213 [info] > git for-each-ref --sort -committerdate --format %(refname) %(objectname) %(*objectname) [16ms]
2025-04-02 19:35:31.137 [info] > git check-ignore -v -z --stdin [3ms]
2025-04-02 19:35:32.512 [info] > git check-ignore -v -z --stdin [6ms]
2025-04-02 19:35:34.211 [info] > git check-ignore -v -z --stdin [4ms]
2025-04-02 19:35:37.748 [info] > git check-ignore -v -z --stdin [11ms]
2025-04-02 19:35:43.927 [info] [Git][getRemotes] No remotes found in the git config file
2025-04-02 19:35:43.928 [info] > git config --get commit.template [32ms]
2025-04-02 19:35:43.933 [info] > git for-each-ref --format=%(refname)%00%(upstream:short)%00%(objectname)%00%(upstream:track)%00%(upstream:remotename)%00%(upstream:remoteref) refs/heads/master refs/remotes/master [7ms]
2025-04-02 19:35:43.934 [warning] [Git][getBranch] No such branch: master
2025-04-02 19:35:43.981 [info] > git status -z -uall [26ms]
2025-04-02 19:35:43.984 [info] > git for-each-ref --sort -committerdate --format %(refname) %(objectname) %(*objectname) [7ms]
2025-04-02 19:35:59.948 [info] [Git][getRemotes] No remotes found in the git config file
2025-04-02 19:35:59.949 [info] > git config --get commit.template [10ms]
2025-04-02 19:35:59.951 [info] > git for-each-ref --format=%(refname)%00%(upstream:short)%00%(objectname)%00%(upstream:track)%00%(upstream:remotename)%00%(upstream:remoteref) refs/heads/master refs/remotes/master [3ms]
2025-04-02 19:35:59.951 [warning] [Git][getBranch] No such branch: master
2025-04-02 19:35:59.971 [info] > git status -z -uall [12ms]
2025-04-02 19:35:59.973 [info] > git for-each-ref --sort -committerdate --format %(refname) %(objectname) %(*objectname) [4ms]
2025-04-02 19:36:00.372 [info] > git show --textconv :src/backend/config/settings.py [14ms]
2025-04-02 19:36:00.397 [info] > git show --textconv HEAD:src/backend/config/settings.py [26ms]
2025-04-02 19:36:00.397 [info] > git ls-files --stage -- src/backend/config/settings.py [12ms]
2025-04-02 19:36:00.421 [info] > git cat-file -s 4b3d01097d033106d04868e44ee721528500d636 [14ms]
2025-04-02 19:36:00.422 [info] > git ls-tree -l HEAD -- src/backend/config/settings.py [28ms]
2025-04-02 19:36:00.422 [info] fatal: Not a valid object name HEAD
2025-04-02 19:36:00.434 [info] > git hash-object -t tree /dev/null [17ms]
2025-04-02 19:36:00.434 [warning] [GitFileSystemProvider][readFile] File not found - git:/home/michal/doc/dev/musicserver/pybackend/src/backend/config/settings.py.git?%7B%22path%22%3A%22%2Fhome%2Fmichal%2Fdoc%2Fdev%2Fmusicserver%2Fpybackend%2Fsrc%2Fbackend%2Fconfig%2Fsettings.py%22%2C%22ref%22%3A%22HEAD%22%7D
2025-04-02 19:36:00.439 [info] > git hash-object -t tree /dev/null [7ms]
2025-04-02 19:36:00.439 [warning] [GitFileSystemProvider][stat] File not found - git:/home/michal/doc/dev/musicserver/pybackend/src/backend/config/settings.py.git?%7B%22path%22%3A%22%2Fhome%2Fmichal%2Fdoc%2Fdev%2Fmusicserver%2Fpybackend%2Fsrc%2Fbackend%2Fconfig%2Fsettings.py%22%2C%22ref%22%3A%22HEAD%22%7D
2025-04-02 19:36:01.014 [info] [Git][getRemotes] No remotes found in the git config file
2025-04-02 19:36:01.015 [info] > git config --get commit.template [10ms]
2025-04-02 19:36:01.016 [info] > git for-each-ref --format=%(refname)%00%(upstream:short)%00%(objectname)%00%(upstream:track)%00%(upstream:remotename)%00%(upstream:remoteref) refs/heads/master refs/remotes/master [3ms]
2025-04-02 19:36:01.016 [warning] [Git][getBranch] No such branch: master
2025-04-02 19:36:01.038 [info] > git status -z -uall [12ms]
2025-04-02 19:36:01.041 [info] > git for-each-ref --sort -committerdate --format %(refname) %(objectname) %(*objectname) [4ms]
2025-04-02 19:36:01.141 [info] > git ls-files --stage -- src/backend/config/settings.py [1ms]
2025-04-02 19:36:01.189 [info] > git cat-file -s 4b3d01097d033106d04868e44ee721528500d636 [21ms]
2025-04-02 19:36:01.213 [info] > git show --textconv :src/backend/config/settings.py [3ms]
2025-04-02 19:36:15.308 [info] [Git][getRemotes] No remotes found in the git config file
2025-04-02 19:36:15.310 [info] > git config --get commit.template [23ms]
2025-04-02 19:36:15.311 [info] > git for-each-ref --format=%(refname)%00%(upstream:short)%00%(objectname)%00%(upstream:track)%00%(upstream:remotename)%00%(upstream:remoteref) refs/heads/master refs/remotes/master [4ms]
2025-04-02 19:36:15.311 [warning] [Git][getBranch] No such branch: master
2025-04-02 19:36:15.332 [info] > git status -z -uall [11ms]
2025-04-02 19:36:15.333 [info] > git for-each-ref --sort -committerdate --format %(refname) %(objectname) %(*objectname) [2ms]
2025-04-02 19:36:15.376 [info] > git ls-files --stage -- src/backend/config/settings.py [2ms]
2025-04-02 19:36:15.387 [info] > git cat-file -s 4b3d01097d033106d04868e44ee721528500d636 [2ms]
2025-04-02 19:36:15.402 [info] > git show --textconv :src/backend/config/settings.py [2ms]
2025-04-02 19:36:40.363 [info] [Git][getRemotes] No remotes found in the git config file
2025-04-02 19:36:40.365 [info] > git config --get commit.template [28ms]
2025-04-02 19:36:40.369 [info] > git for-each-ref --format=%(refname)%00%(upstream:short)%00%(objectname)%00%(upstream:track)%00%(upstream:remotename)%00%(upstream:remoteref) refs/heads/master refs/remotes/master [6ms]
2025-04-02 19:36:40.409 [info] > git status -z -uall [21ms]
2025-04-02 19:36:40.414 [info] > git for-each-ref --sort -committerdate --format %(refname) %(objectname) %(*objectname) [6ms]
2025-04-02 19:36:41.347 [info] [Git][getRemotes] No remotes found in the git config file
2025-04-02 19:36:41.350 [info] > git config --get commit.template [23ms]
2025-04-02 19:36:41.352 [info] > git for-each-ref --format=%(refname)%00%(upstream:short)%00%(objectname)%00%(upstream:track)%00%(upstream:remotename)%00%(upstream:remoteref) refs/heads/master refs/remotes/master [6ms]
2025-04-02 19:36:41.397 [info] > git status -z -uall [23ms]
2025-04-02 19:36:41.400 [info] > git for-each-ref --sort -committerdate --format %(refname) %(objectname) %(*objectname) [5ms]
2025-04-02 19:36:41.436 [info] > git ls-files --stage -- src/backend/config/settings.py [5ms]
2025-04-02 19:36:41.458 [info] > git cat-file -s 4b3d01097d033106d04868e44ee721528500d636 [5ms]
2025-04-02 19:36:41.488 [info] > git show --textconv :src/backend/config/settings.py [7ms]
2025-04-02 19:36:47.323 [info] [Git][getRemotes] No remotes found in the git config file
2025-04-02 19:36:47.326 [info] > git config --get commit.template [26ms]
2025-04-02 19:36:47.329 [info] > git for-each-ref --format=%(refname)%00%(upstream:short)%00%(objectname)%00%(upstream:track)%00%(upstream:remotename)%00%(upstream:remoteref) refs/heads/master refs/remotes/master [7ms]
2025-04-02 19:36:47.370 [info] > git status -z -uall [23ms]
2025-04-02 19:36:47.375 [info] > git for-each-ref --sort -committerdate --format %(refname) %(objectname) %(*objectname) [7ms]
2025-04-02 19:36:51.552 [info] [Git][getRemotes] No remotes found in the git config file
2025-04-02 19:36:51.557 [info] > git config --get commit.template [27ms]
2025-04-02 19:36:51.560 [info] > git for-each-ref --format=%(refname)%00%(upstream:short)%00%(objectname)%00%(upstream:track)%00%(upstream:remotename)%00%(upstream:remoteref) refs/heads/master refs/remotes/master [8ms]
2025-04-02 19:36:51.601 [info] > git status -z -uall [22ms]
2025-04-02 19:36:51.604 [info] > git for-each-ref --sort -committerdate --format %(refname) %(objectname) %(*objectname) [5ms]
2025-04-02 19:36:52.684 [info] > git ls-files --stage -- src/backend/config/settings.py [5ms]
2025-04-02 19:36:52.708 [info] > git cat-file -s 4b3d01097d033106d04868e44ee721528500d636 [5ms]
2025-04-02 19:36:52.741 [info] > git show --textconv :src/backend/config/settings.py [6ms]
2025-04-02 19:36:59.706 [info] [Git][getRemotes] No remotes found in the git config file
2025-04-02 19:36:59.707 [info] > git config --get commit.template [10ms]
2025-04-02 19:36:59.708 [info] > git for-each-ref --format=%(refname)%00%(upstream:short)%00%(objectname)%00%(upstream:track)%00%(upstream:remotename)%00%(upstream:remoteref) refs/heads/master refs/remotes/master [2ms]
2025-04-02 19:36:59.726 [info] > git status -z -uall [10ms]
2025-04-02 19:36:59.728 [info] > git for-each-ref --sort -committerdate --format %(refname) %(objectname) %(*objectname) [3ms]
2025-04-02 19:36:59.800 [info] > git ls-files --stage -- src/backend/config/settings.py [2ms]
2025-04-02 19:36:59.811 [info] > git cat-file -s 4b3d01097d033106d04868e44ee721528500d636 [2ms]
2025-04-02 19:36:59.824 [info] > git show --textconv :src/backend/config/settings.py [3ms]
2025-04-02 19:37:01.070 [info] [Git][getRemotes] No remotes found in the git config file
2025-04-02 19:37:01.082 [info] > git config --get commit.template [14ms]
2025-04-02 19:37:01.084 [info] > git for-each-ref --format=%(refname)%00%(upstream:short)%00%(objectname)%00%(upstream:track)%00%(upstream:remotename)%00%(upstream:remoteref) refs/heads/master refs/remotes/master [3ms]
2025-04-02 19:37:01.108 [info] > git status -z -uall [12ms]
2025-04-02 19:37:01.109 [info] > git for-each-ref --sort -committerdate --format %(refname) %(objectname) %(*objectname) [3ms]
