shfmt hasn't downloaded yet!Error: ENOENT: no such file or directory, stat '/home/michal/.vscode-oss/extensions/foxundermoon.shell-format-7.0.1-universal/bin/shfmt_v3.0.1_linux_amd64'
Shfmt will be downloaded automatically!
download url: https://github.com/mvdan/sh/releases/download/v3.0.1/shfmt_v3.0.1_linux_amd64
download to: /home/michal/.vscode-oss/extensions/foxundermoon.shell-format-7.0.1-universal/bin/shfmt_v3.0.1_linux_amd64
If the download fails, you can manually download it to the dest directory.
Or download to another directory, and then set the "shellformat.path" as the path
download shfmt page: https://github.com/mvdan/sh/releases
You can't use this plugin until the download is successful.
downloaded:[0.05%]
downloaded:[0.09%]
downloaded:[0.14%]
downloaded:[0.18%]
downloaded:[0.23%]
downloaded:[0.27%]
downloaded:[0.32%]
downloaded:[0.37%]
downloaded:[0.41%]
downloaded:[0.46%]
downloaded:[0.50%]
downloaded:[0.55%]
downloaded:[0.59%]
downloaded:[0.64%]
downloaded:[0.69%]
downloaded:[0.73%]
downloaded:[0.78%]
downloaded:[0.82%]
downloaded:[0.87%]
downloaded:[0.91%]
downloaded:[0.96%]
downloaded:[1.01%]
downloaded:[1.05%]
downloaded:[1.10%]
downloaded:[1.14%]
downloaded:[1.19%]
downloaded:[1.23%]
downloaded:[1.28%]
downloaded:[1.33%]
downloaded:[1.37%]
downloaded:[1.42%]
downloaded:[1.46%]
downloaded:[1.51%]
downloaded:[1.55%]
downloaded:[1.60%]
downloaded:[1.63%]
downloaded:[2.17%]
downloaded:[2.72%]
downloaded:[3.26%]
downloaded:[3.76%]
downloaded:[4.30%]
downloaded:[4.85%]
downloaded:[5.39%]
downloaded:[5.93%]
downloaded:[6.48%]
downloaded:[7.02%]
downloaded:[7.57%]
downloaded:[8.11%]
downloaded:[8.65%]
downloaded:[9.20%]
downloaded:[9.74%]
downloaded:[10.28%]
downloaded:[10.83%]
downloaded:[11.37%]
downloaded:[11.91%]
downloaded:[12.46%]
downloaded:[13.00%]
downloaded:[13.54%]
downloaded:[14.09%]
downloaded:[14.63%]
downloaded:[15.17%]
downloaded:[15.72%]
downloaded:[16.26%]
downloaded:[16.80%]
downloaded:[17.35%]
downloaded:[17.89%]
downloaded:[18.43%]
downloaded:[18.98%]
downloaded:[19.52%]
downloaded:[20.07%]
downloaded:[20.61%]
downloaded:[21.15%]
downloaded:[21.70%]
downloaded:[22.24%]
downloaded:[22.78%]
downloaded:[23.33%]
downloaded:[23.87%]
downloaded:[24.41%]
downloaded:[24.96%]
downloaded:[25.50%]
downloaded:[26.04%]
downloaded:[26.59%]
downloaded:[27.13%]
downloaded:[27.67%]
downloaded:[28.22%]
downloaded:[28.76%]
downloaded:[29.30%]
downloaded:[29.85%]
downloaded:[30.39%]
downloaded:[30.93%]
downloaded:[31.48%]
downloaded:[32.02%]
downloaded:[32.57%]
downloaded:[33.11%]
downloaded:[33.65%]
downloaded:[34.20%]
downloaded:[34.74%]
downloaded:[35.28%]
downloaded:[35.83%]
downloaded:[36.37%]
downloaded:[36.91%]
downloaded:[37.46%]
downloaded:[38.00%]
downloaded:[38.54%]
downloaded:[39.09%]
downloaded:[39.63%]
downloaded:[40.17%]
downloaded:[40.72%]
downloaded:[41.26%]
downloaded:[41.80%]
downloaded:[42.35%]
downloaded:[42.89%]
downloaded:[43.43%]
downloaded:[43.98%]
downloaded:[44.52%]
downloaded:[45.07%]
downloaded:[45.61%]
downloaded:[46.15%]
downloaded:[46.70%]
downloaded:[47.24%]
downloaded:[47.78%]
downloaded:[48.33%]
downloaded:[48.87%]
downloaded:[49.41%]
downloaded:[49.96%]
downloaded:[50.50%]
downloaded:[51.04%]
downloaded:[51.59%]
downloaded:[52.13%]
downloaded:[52.67%]
downloaded:[53.22%]
downloaded:[53.76%]
downloaded:[54.30%]
downloaded:[54.85%]
downloaded:[55.39%]
downloaded:[55.93%]
downloaded:[56.48%]
downloaded:[57.02%]
downloaded:[57.57%]
downloaded:[58.11%]
downloaded:[58.65%]
downloaded:[59.20%]
downloaded:[59.74%]
downloaded:[60.28%]
downloaded:[60.83%]
downloaded:[61.37%]
downloaded:[61.91%]
downloaded:[62.46%]
downloaded:[63.00%]
downloaded:[63.54%]
downloaded:[64.09%]
downloaded:[64.63%]
downloaded:[65.17%]
downloaded:[65.72%]
downloaded:[66.26%]
downloaded:[66.80%]
downloaded:[67.35%]
downloaded:[67.89%]
downloaded:[68.43%]
downloaded:[68.98%]
downloaded:[69.52%]
downloaded:[70.07%]
downloaded:[70.61%]
downloaded:[71.15%]
downloaded:[71.70%]
downloaded:[72.24%]
downloaded:[72.78%]
downloaded:[73.33%]
downloaded:[73.87%]
downloaded:[74.41%]
downloaded:[74.96%]
downloaded:[75.50%]
downloaded:[76.04%]
downloaded:[76.59%]
downloaded:[77.13%]
downloaded:[77.67%]
downloaded:[78.22%]
downloaded:[78.76%]
downloaded:[79.30%]
downloaded:[79.85%]
downloaded:[80.39%]
downloaded:[80.93%]
downloaded:[81.48%]
downloaded:[82.02%]
downloaded:[82.57%]
downloaded:[83.11%]
downloaded:[83.65%]
downloaded:[84.20%]
downloaded:[84.74%]
downloaded:[85.28%]
downloaded:[85.83%]
downloaded:[86.37%]
downloaded:[86.91%]
downloaded:[87.46%]
downloaded:[88.00%]
downloaded:[88.54%]
downloaded:[89.09%]
downloaded:[89.63%]
downloaded:[90.17%]
downloaded:[90.72%]
downloaded:[91.26%]
downloaded:[91.80%]
downloaded:[92.35%]
downloaded:[92.89%]
downloaded:[93.43%]
downloaded:[93.98%]
downloaded:[94.52%]
downloaded:[95.07%]
downloaded:[95.61%]
downloaded:[96.15%]
downloaded:[96.70%]
downloaded:[97.24%]
downloaded:[97.78%]
downloaded:[98.33%]
downloaded:[98.87%]
downloaded:[99.41%]
downloaded:[99.96%]
downloaded:[100.00%]
download success, You can use it successfully!
Suggestions or issues can be submitted here https://git.io/vsshell-issues
