2025-04-09 13:55:07.873 [info] Extension host with pid 7757 started
2025-04-09 13:55:08.091 [info] ExtensionService#_doActivateExtension vscode.emmet, startup: false, activationEvent: 'onLanguage'
2025-04-09 13:55:08.167 [info] ExtensionService#_doActivateExtension vscode.git-base, startup: true, activationEvent: '*', root cause: vscode.git
2025-04-09 13:55:08.198 [info] ExtensionService#_doActivateExtension vscode.git, startup: true, activationEvent: '*'
2025-04-09 13:55:08.292 [info] ExtensionService#_doActivateExtension vscode.github, startup: true, activationEvent: '*'
2025-04-09 13:55:08.410 [info] Eager extensions activated
2025-04-09 13:55:08.457 [info] ExtensionService#_doActivateExtension vscode.debug-auto-launch, startup: false, activationEvent: 'onStartupFinished'
2025-04-09 13:55:08.459 [info] ExtensionService#_doActivateExtension vscode.merge-conflict, startup: false, activationEvent: 'onStartupFinished'
2025-04-09 13:55:08.486 [info] ExtensionService#_doActivateExtension esbenp.prettier-vscode, startup: false, activationEvent: 'onStartupFinished'
2025-04-09 13:55:08.594 [info] ExtensionService#_doActivateExtension formulahendry.code-runner, startup: false, activationEvent: 'onStartupFinished'
2025-04-09 13:55:08.611 [info] ExtensionService#_doActivateExtension vadimcn.vscode-lldb, startup: false, activationEvent: 'onStartupFinished'
2025-04-09 13:55:38.801 [info] ExtensionService#_doActivateExtension EditorConfig.EditorConfig, startup: false, activationEvent: 'onLanguage:shellscript', root cause: mkhl.shfmt
2025-04-09 13:55:38.867 [info] ExtensionService#_doActivateExtension mkhl.shfmt, startup: false, activationEvent: 'onLanguage:shellscript'
2025-04-09 13:55:41.618 [info] ExtensionService#_doActivateExtension heptio.jsonnet, startup: false, activationEvent: 'onCommand:jsonnet.previewToSide'
2025-04-09 13:57:27.134 [info] ExtensionService#_doActivateExtension vscode.configuration-editing, startup: false, activationEvent: 'onLanguage:jsonc'
2025-04-09 13:57:27.158 [info] ExtensionService#_doActivateExtension vscode.json-language-features, startup: false, activationEvent: 'onLanguage:jsonc'
2025-04-09 13:57:27.296 [info] ExtensionService#_doActivateExtension vscode.typescript-language-features, startup: false, activationEvent: 'onLanguage:jsonc'
2025-04-09 13:57:50.112 [info] ExtensionService#_doActivateExtension foxundermoon.shell-format, startup: false, activationEvent: 'onLanguage:shellscript'
2025-04-09 13:58:32.483 [info] Extension host terminating: renderer closed the MessagePort
2025-04-09 13:58:32.510 [info] Extension host with pid 7757 exiting with code 0
