2025-04-02 19:48:05.371 [info] [main] Log level: Info
2025-04-02 19:48:05.371 [info] [main] Validating found git in: "git"
2025-04-02 19:48:05.371 [info] [main] Using git "2.49.0" from "git"
2025-04-02 19:48:05.371 [info] [Model][doInitialScan] Initial repository scan started
2025-04-02 19:48:05.371 [info] [Model][doInitialScan] Initial repository scan completed - repositories (0), closed repositories (0), parent repositories (0), unsafe repositories (0)
2025-04-02 19:48:10.478 [info] > git rev-parse --show-toplevel [6ms]
2025-04-02 19:48:10.492 [info] > git rev-parse --git-dir --git-common-dir [2ms]
2025-04-02 19:48:10.520 [info] [Model][openRepository] Opened repository: /home/michal/doc/dev/musicserver/pybackend
2025-04-02 19:48:10.549 [info] [Git][getRemotes] No remotes found in the git config file
2025-04-02 19:48:10.556 [info] > git for-each-ref --format=%(refname)%00%(upstream:short)%00%(objectname)%00%(upstream:track)%00%(upstream:remotename)%00%(upstream:remoteref) refs/heads/master refs/remotes/master [7ms]
2025-04-02 19:48:10.557 [info] > git config --get commit.template [21ms]
2025-04-02 19:48:10.587 [info] > git status -z -uall [17ms]
2025-04-02 19:48:10.591 [info] > git for-each-ref --sort -committerdate --format %(refname) %(objectname) %(*objectname) [6ms]
2025-04-02 19:48:10.639 [info] > git for-each-ref --format=%(refname)%00%(upstream:short)%00%(objectname)%00%(upstream:track)%00%(upstream:remotename)%00%(upstream:remoteref) refs/heads/master refs/remotes/master [24ms]
2025-04-02 19:48:10.654 [info] > git config --get commit.template [15ms]
2025-04-02 19:48:10.657 [info] > git config --get --local branch.master.vscode-merge-base [6ms]
2025-04-02 19:48:10.658 [warning] [Git][config] git config failed: Failed to execute git
2025-04-02 19:48:10.707 [info] [Git][getRemotes] No remotes found in the git config file
2025-04-02 19:48:10.711 [info] > git reflog master --grep-reflog=branch: Created from *. [38ms]
2025-04-02 19:48:10.727 [info] > git for-each-ref --format=%(refname)%00%(upstream:short)%00%(objectname)%00%(upstream:track)%00%(upstream:remotename)%00%(upstream:remoteref) refs/heads/master refs/remotes/master [21ms]
2025-04-02 19:48:10.761 [info] > git status -z -uall [16ms]
2025-04-02 19:48:10.824 [info] > git for-each-ref --sort -committerdate --format %(refname) %(objectname) %(*objectname) [65ms]
2025-04-02 19:48:11.243 [info] > git show --textconv :config.ini [12ms]
2025-04-02 19:48:11.246 [info] > git ls-files --stage -- config.ini [4ms]
2025-04-02 19:48:11.258 [info] > git cat-file -s 14a804bec691d54bfa8c3c99f0b4158a3afebac2 [3ms]
2025-04-02 19:48:11.525 [info] > git check-ignore -v -z --stdin [4ms]
2025-04-02 19:48:11.934 [info] > git blame --root --incremental 886e8247e354c24a52952492261449916b324b58 -- config.ini [13ms]
2025-04-02 19:48:20.032 [info] [main] Log level: Info
2025-04-02 19:48:20.032 [info] [main] Validating found git in: "git"
2025-04-02 19:48:20.032 [info] [main] Using git "2.49.0" from "git"
2025-04-02 19:48:20.032 [info] [Model][doInitialScan] Initial repository scan started
2025-04-02 19:48:20.032 [info] > git rev-parse --show-toplevel [17ms]
2025-04-02 19:48:20.032 [info] > git rev-parse --git-dir --git-common-dir [8ms]
2025-04-02 19:48:20.032 [info] [Model][openRepository] Opened repository: /home/michal/doc/dev/musicserver/pybackend
2025-04-02 19:48:20.451 [info] > git rev-parse --show-toplevel [396ms]
2025-04-02 19:48:20.452 [info] > git config --get commit.template [407ms]
2025-04-02 19:48:20.575 [info] [Git][getRemotes] No remotes found in the git config file
2025-04-02 19:48:20.577 [info] > git rev-parse --show-toplevel [18ms]
2025-04-02 19:48:20.599 [info] > git for-each-ref --format=%(refname)%00%(upstream:short)%00%(objectname)%00%(upstream:track)%00%(upstream:remotename)%00%(upstream:remoteref) refs/heads/master refs/remotes/master [25ms]
2025-04-02 19:48:20.633 [info] > git status -z -uall [21ms]
2025-04-02 19:48:20.633 [info] > git for-each-ref --sort -committerdate --format %(refname) %(objectname) %(*objectname) [9ms]
2025-04-02 19:48:20.661 [info] > git rev-parse --show-toplevel [63ms]
2025-04-02 19:48:20.662 [info] [Model][doInitialScan] Initial repository scan completed - repositories (1), closed repositories (0), parent repositories (0), unsafe repositories (0)
2025-04-02 19:48:20.694 [info] > git show --textconv :src/backend/library/scanner.py [22ms]
2025-04-02 19:48:20.696 [info] > git for-each-ref --format=%(refname)%00%(upstream:short)%00%(objectname)%00%(upstream:track)%00%(upstream:remotename)%00%(upstream:remoteref) refs/heads/master refs/remotes/master [42ms]
2025-04-02 19:48:20.736 [info] > git config --get --local branch.master.vscode-merge-base [27ms]
2025-04-02 19:48:20.736 [warning] [Git][config] git config failed: Failed to execute git
2025-04-02 19:48:20.747 [info] > git config --get commit.template [54ms]
2025-04-02 19:48:20.747 [info] > git ls-files --stage -- src/backend/library/scanner.py [65ms]
2025-04-02 19:48:20.766 [info] > git cat-file -s dbfefb4309d8681c291f324edf08dab8effd361f [9ms]
2025-04-02 19:48:20.767 [info] > git reflog master --grep-reflog=branch: Created from *. [21ms]
2025-04-02 19:48:20.769 [info] [Git][getRemotes] No remotes found in the git config file
2025-04-02 19:48:20.782 [info] > git for-each-ref --format=%(refname)%00%(upstream:short)%00%(objectname)%00%(upstream:track)%00%(upstream:remotename)%00%(upstream:remoteref) refs/heads/master refs/remotes/master [3ms]
2025-04-02 19:48:20.799 [info] > git status -z -uall [8ms]
2025-04-02 19:48:20.800 [info] > git for-each-ref --sort -committerdate --format %(refname) %(objectname) %(*objectname) [2ms]
2025-04-02 19:48:20.921 [info] > git check-ignore -v -z --stdin [2ms]
2025-04-02 19:51:25.247 [info] > git show --textconv :src/backend/library/service.py [16ms]
2025-04-02 19:51:25.250 [info] > git ls-files --stage -- src/backend/library/service.py [3ms]
2025-04-02 19:51:25.265 [info] > git cat-file -s a8fc8b5d645ba445e9c59dcc0b7056549c3fec7e [3ms]
2025-04-02 19:51:26.722 [info] > git show --textconv :src/backend/main.py [25ms]
2025-04-02 19:51:26.724 [info] > git ls-files --stage -- src/backend/main.py [4ms]
2025-04-02 19:51:26.742 [info] > git cat-file -s 2a9932bd194ece15a8947f877b80bee8685cf6e9 [4ms]
2025-04-02 19:51:28.776 [info] > git show --textconv :src/backend/library/scanner.py [35ms]
2025-04-02 19:51:28.780 [info] > git ls-files --stage -- src/backend/library/scanner.py [6ms]
2025-04-02 19:51:28.807 [info] > git cat-file -s dbfefb4309d8681c291f324edf08dab8effd361f [7ms]
2025-04-02 19:51:29.194 [info] > git show --textconv :src/backend/models/playlist.py [42ms]
2025-04-02 19:51:29.199 [info] > git ls-files --stage -- src/backend/models/playlist.py [7ms]
2025-04-02 19:51:29.239 [info] > git cat-file -s 1fd163a5ded3d09f3574b7967c7a312b9935d6ae [14ms]
2025-04-02 19:51:30.432 [info] > git show --textconv :src/backend/library/stream.py [30ms]
2025-04-02 19:51:30.437 [info] > git ls-files --stage -- src/backend/library/stream.py [7ms]
2025-04-02 19:51:30.476 [info] > git cat-file -s a29daeae617879d56ed92bdb3ac030123b2ee533 [9ms]
2025-04-02 19:57:03.579 [info] > git show --textconv :src/backend/library/service.py [25ms]
2025-04-02 19:57:03.583 [info] > git ls-files --stage -- src/backend/library/service.py [7ms]
2025-04-02 19:57:03.607 [info] > git cat-file -s a8fc8b5d645ba445e9c59dcc0b7056549c3fec7e [5ms]
2025-04-02 19:57:55.958 [info] > git show --textconv :src/backend/library/__init__.py [23ms]
2025-04-02 19:57:55.963 [info] > git ls-files --stage -- src/backend/library/__init__.py [7ms]
2025-04-02 19:57:55.988 [info] > git cat-file -s e69de29bb2d1d6434b8b29ae775ad8c2e48c5391 [6ms]
2025-04-02 19:57:56.331 [info] > git show --textconv :src/backend/library/scanner.py [14ms]
2025-04-02 19:57:56.333 [info] > git ls-files --stage -- src/backend/library/scanner.py [4ms]
2025-04-02 19:57:56.346 [info] > git cat-file -s dbfefb4309d8681c291f324edf08dab8effd361f [3ms]
2025-04-02 19:59:31.632 [info] > git config --get commit.template [7ms]
2025-04-02 19:59:31.663 [info] [Git][getRemotes] No remotes found in the git config file
2025-04-02 19:59:31.667 [info] > git for-each-ref --format=%(refname)%00%(upstream:short)%00%(objectname)%00%(upstream:track)%00%(upstream:remotename)%00%(upstream:remoteref) refs/heads/master refs/remotes/master [8ms]
2025-04-02 19:59:31.740 [info] > git status -z -uall [45ms]
2025-04-02 19:59:31.751 [info] > git for-each-ref --sort -committerdate --format %(refname) %(objectname) %(*objectname) [13ms]
2025-04-02 19:59:39.953 [info] > git config --get commit.template [14ms]
2025-04-02 19:59:39.980 [info] [Git][getRemotes] No remotes found in the git config file
2025-04-02 19:59:39.986 [info] > git for-each-ref --format=%(refname)%00%(upstream:short)%00%(objectname)%00%(upstream:track)%00%(upstream:remotename)%00%(upstream:remoteref) refs/heads/master refs/remotes/master [8ms]
2025-04-02 19:59:40.037 [info] > git status -z -uall [26ms]
2025-04-02 19:59:40.041 [info] > git for-each-ref --sort -committerdate --format %(refname) %(objectname) %(*objectname) [6ms]
